15:05:25.678 [restartedMain] INFO  s.visualacuity.demo.DemoApplication - Starting DemoApplication on LAPTOP-LIIHR2B7 with PID 14504 (C:\Visual-Acuity-Measurement-System\demo\target\classes started by ACER in C:\Visual-Acuity-Measurement-System\demo) 
15:05:25.680 [restartedMain] INFO  s.visualacuity.demo.DemoApplication - No active profile set, falling back to default profiles: default 
15:05:25.734 [restartedMain] INFO  o.s.b.d.e.DevToolsPropertyDefaultsPostProcessor - Devtools property defaults active! Set 'spring.devtools.add-properties' to 'false' to disable 
15:05:25.735 [restartedMain] INFO  o.s.b.d.e.DevToolsPropertyDefaultsPostProcessor - For additional web related logging consider setting the 'logging.level.web' property to 'DEBUG' 
15:05:26.225 [restartedMain] INFO  o.s.d.r.c.RepositoryConfigurationDelegate - Bootstrapping Spring Data JPA repositories in DEFERRED mode. 
15:05:26.242 [restartedMain] INFO  o.s.d.r.c.RepositoryConfigurationDelegate - Finished Spring Data repository scanning in 10ms. Found 0 JPA repository interfaces. 
15:05:26.800 [restartedMain] INFO  o.s.b.w.e.tomcat.TomcatWebServer - Tomcat initialized with port(s): 8080 (http) 
15:05:26.808 [restartedMain] INFO  o.a.coyote.http11.Http11NioProtocol - Initializing ProtocolHandler ["http-nio-8080"] 
15:05:26.808 [restartedMain] INFO  o.a.catalina.core.StandardService - Starting service [Tomcat] 
15:05:26.808 [restartedMain] INFO  o.a.catalina.core.StandardEngine - Starting Servlet engine: [Apache Tomcat/9.0.38] 
15:05:26.889 [restartedMain] INFO  o.a.c.c.C.[Tomcat].[localhost].[/] - Initializing Spring embedded WebApplicationContext 
15:05:26.889 [restartedMain] INFO  o.s.b.w.s.c.ServletWebServerApplicationContext - Root WebApplicationContext: initialization completed in 1154 ms 
15:05:26.979 [restartedMain] INFO  com.zaxxer.hikari.HikariDataSource - HikariPool-1 - Starting... 
15:05:27.101 [restartedMain] INFO  com.zaxxer.hikari.HikariDataSource - HikariPool-1 - Start completed. 
15:05:27.744 [restartedMain] INFO  liquibase.executor.jvm.JdbcExecutor - Executing with the 'jdbc' executor 
15:05:27.767 [restartedMain] INFO  liquibase.executor.jvm.JdbcExecutor - SELECT COUNT(*) FROM visual_acuity.DATABASECHANGELOGLOCK 
15:05:27.788 [restartedMain] INFO  liquibase.executor.jvm.JdbcExecutor - Executing with the 'jdbc' executor 
15:05:27.788 [restartedMain] INFO  liquibase.executor.jvm.JdbcExecutor - SELECT COUNT(*) FROM visual_acuity.DATABASECHANGELOGLOCK 
15:05:27.806 [restartedMain] INFO  liquibase.executor.jvm.JdbcExecutor - Executing with the 'jdbc' executor 
15:05:27.807 [restartedMain] INFO  liquibase.executor.jvm.JdbcExecutor - SELECT `LOCKED` FROM visual_acuity.DATABASECHANGELOGLOCK WHERE ID=1 
15:05:27.808 [restartedMain] INFO  liquibase.executor.jvm.JdbcExecutor - Executing with the 'jdbc' executor 
15:05:27.818 [restartedMain] INFO  l.lockservice.StandardLockService - Successfully acquired change log lock 
15:05:28.674 [restartedMain] INFO  liquibase.executor.jvm.JdbcExecutor - Executing with the 'jdbc' executor 
15:05:28.675 [restartedMain] INFO  liquibase.executor.jvm.JdbcExecutor - SELECT MD5SUM FROM visual_acuity.DATABASECHANGELOG WHERE MD5SUM IS NOT NULL LIMIT 1 
15:05:28.676 [restartedMain] INFO  liquibase.executor.jvm.JdbcExecutor - Executing with the 'jdbc' executor 
15:05:28.676 [restartedMain] INFO  liquibase.executor.jvm.JdbcExecutor - SELECT COUNT(*) FROM visual_acuity.DATABASECHANGELOG 
15:05:28.677 [restartedMain] INFO  l.c.StandardChangeLogHistoryService - Reading from visual_acuity.DATABASECHANGELOG 
15:05:28.677 [restartedMain] INFO  liquibase.executor.jvm.JdbcExecutor - Executing with the 'jdbc' executor 
15:05:28.677 [restartedMain] INFO  liquibase.executor.jvm.JdbcExecutor - SELECT * FROM visual_acuity.DATABASECHANGELOG ORDER BY DATEEXECUTED ASC, ORDEREXECUTED ASC 
15:05:28.695 [restartedMain] INFO  liquibase.executor.jvm.JdbcExecutor - Executing with the 'jdbc' executor 
15:05:28.696 [restartedMain] INFO  liquibase.executor.jvm.JdbcExecutor - CREATE TABLE visual_acuity.oauth_client_details (id INT NOT NULL, name VARCHAR.SMALL NULL, CONSTRAINT PK_OAUTH_CLIENT_DETAILS PRIMARY KEY (id)) 
15:05:28.704 [restartedMain] ERROR liquibase.changelog.ChangeSet - Change Set classpath:db-changelog.xml::1::gun failed.  Error: You have an error in your SQL syntax; check the manual that corresponds to your MySQL server version for the right syntax to use near 'VARCHAR.SMALL NULL, CONSTRAINT PK_OAUTH_CLIENT_DETAILS PRIMARY KEY (id))' at line 1 [Failed SQL: (1064) CREATE TABLE visual_acuity.oauth_client_details (id INT NOT NULL, name VARCHAR.SMALL NULL, CONSTRAINT PK_OAUTH_CLIENT_DETAILS PRIMARY KEY (id))] 
15:05:28.705 [restartedMain] INFO  liquibase.executor.jvm.JdbcExecutor - Executing with the 'jdbc' executor 
15:05:28.706 [restartedMain] INFO  l.lockservice.StandardLockService - Successfully released change log lock 
15:05:28.708 [restartedMain] WARN  o.s.b.w.s.c.AnnotationConfigServletWebServerApplicationContext - Exception encountered during context initialization - cancelling refresh attempt: org.springframework.beans.factory.BeanCreationException: Error creating bean with name 'liquibase' defined in swe.visualacuity.demo.DemoApplication: Invocation of init method failed; nested exception is liquibase.exception.MigrationFailedException: Migration failed for change set classpath:db-changelog.xml::1::gun:
     Reason: liquibase.exception.DatabaseException: You have an error in your SQL syntax; check the manual that corresponds to your MySQL server version for the right syntax to use near 'VARCHAR.SMALL NULL, CONSTRAINT PK_OAUTH_CLIENT_DETAILS PRIMARY KEY (id))' at line 1 [Failed SQL: (1064) CREATE TABLE visual_acuity.oauth_client_details (id INT NOT NULL, name VARCHAR.SMALL NULL, CONSTRAINT PK_OAUTH_CLIENT_DETAILS PRIMARY KEY (id))] 
15:05:28.708 [restartedMain] INFO  com.zaxxer.hikari.HikariDataSource - HikariPool-1 - Shutdown initiated... 
15:05:28.717 [restartedMain] INFO  com.zaxxer.hikari.HikariDataSource - HikariPool-1 - Shutdown completed. 
15:05:28.720 [restartedMain] INFO  o.a.catalina.core.StandardService - Stopping service [Tomcat] 
15:05:28.732 [restartedMain] INFO  o.s.b.a.l.ConditionEvaluationReportLoggingListener - 

Error starting ApplicationContext. To display the conditions report re-run your application with 'debug' enabled. 
15:05:28.734 [restartedMain] ERROR o.s.boot.SpringApplication - Application run failed 
org.springframework.beans.factory.BeanCreationException: Error creating bean with name 'liquibase' defined in swe.visualacuity.demo.DemoApplication: Invocation of init method failed; nested exception is liquibase.exception.MigrationFailedException: Migration failed for change set classpath:db-changelog.xml::1::gun:
     Reason: liquibase.exception.DatabaseException: You have an error in your SQL syntax; check the manual that corresponds to your MySQL server version for the right syntax to use near 'VARCHAR.SMALL NULL, CONSTRAINT PK_OAUTH_CLIENT_DETAILS PRIMARY KEY (id))' at line 1 [Failed SQL: (1064) CREATE TABLE visual_acuity.oauth_client_details (id INT NOT NULL, name VARCHAR.SMALL NULL, CONSTRAINT PK_OAUTH_CLIENT_DETAILS PRIMARY KEY (id))]
	at org.springframework.beans.factory.support.AbstractAutowireCapableBeanFactory.initializeBean(AbstractAutowireCapableBeanFactory.java:1794)
	at org.springframework.beans.factory.support.AbstractAutowireCapableBeanFactory.doCreateBean(AbstractAutowireCapableBeanFactory.java:594)
	at org.springframework.beans.factory.support.AbstractAutowireCapableBeanFactory.createBean(AbstractAutowireCapableBeanFactory.java:516)
	at org.springframework.beans.factory.support.AbstractBeanFactory.lambda$doGetBean$0(AbstractBeanFactory.java:324)
	at org.springframework.beans.factory.support.DefaultSingletonBeanRegistry.getSingleton(DefaultSingletonBeanRegistry.java:234)
	at org.springframework.beans.factory.support.AbstractBeanFactory.doGetBean(AbstractBeanFactory.java:322)
	at org.springframework.beans.factory.support.AbstractBeanFactory.getBean(AbstractBeanFactory.java:202)
	at org.springframework.beans.factory.support.AbstractBeanFactory.doGetBean(AbstractBeanFactory.java:311)
	at org.springframework.beans.factory.support.AbstractBeanFactory.getBean(AbstractBeanFactory.java:202)
	at org.springframework.context.support.AbstractApplicationContext.getBean(AbstractApplicationContext.java:1109)
	at org.springframework.context.support.AbstractApplicationContext.finishBeanFactoryInitialization(AbstractApplicationContext.java:869)
	at org.springframework.context.support.AbstractApplicationContext.refresh(AbstractApplicationContext.java:551)
	at org.springframework.boot.web.servlet.context.ServletWebServerApplicationContext.refresh(ServletWebServerApplicationContext.java:143)
	at org.springframework.boot.SpringApplication.refresh(SpringApplication.java:758)
	at org.springframework.boot.SpringApplication.refresh(SpringApplication.java:750)
	at org.springframework.boot.SpringApplication.refreshContext(SpringApplication.java:397)
	at org.springframework.boot.SpringApplication.run(SpringApplication.java:315)
	at org.springframework.boot.SpringApplication.run(SpringApplication.java:1237)
	at org.springframework.boot.SpringApplication.run(SpringApplication.java:1226)
	at swe.visualacuity.demo.DemoApplication.main(DemoApplication.java:25)
	at java.base/jdk.internal.reflect.NativeMethodAccessorImpl.invoke0(Native Method)
	at java.base/jdk.internal.reflect.NativeMethodAccessorImpl.invoke(NativeMethodAccessorImpl.java:64)
	at java.base/jdk.internal.reflect.DelegatingMethodAccessorImpl.invoke(DelegatingMethodAccessorImpl.java:43)
	at java.base/java.lang.reflect.Method.invoke(Method.java:564)
	at org.springframework.boot.devtools.restart.RestartLauncher.run(RestartLauncher.java:49)
Caused by: liquibase.exception.MigrationFailedException: Migration failed for change set classpath:db-changelog.xml::1::gun:
     Reason: liquibase.exception.DatabaseException: You have an error in your SQL syntax; check the manual that corresponds to your MySQL server version for the right syntax to use near 'VARCHAR.SMALL NULL, CONSTRAINT PK_OAUTH_CLIENT_DETAILS PRIMARY KEY (id))' at line 1 [Failed SQL: (1064) CREATE TABLE visual_acuity.oauth_client_details (id INT NOT NULL, name VARCHAR.SMALL NULL, CONSTRAINT PK_OAUTH_CLIENT_DETAILS PRIMARY KEY (id))]
	at liquibase.changelog.ChangeSet.execute(ChangeSet.java:659)
	at liquibase.changelog.visitor.UpdateVisitor.visit(UpdateVisitor.java:53)
	at liquibase.changelog.ChangeLogIterator.run(ChangeLogIterator.java:97)
	at liquibase.Liquibase.update(Liquibase.java:201)
	at liquibase.Liquibase.update(Liquibase.java:178)
	at liquibase.integration.spring.SpringLiquibase.performUpdate(SpringLiquibase.java:366)
	at liquibase.integration.spring.SpringLiquibase.afterPropertiesSet(SpringLiquibase.java:314)
	at org.springframework.beans.factory.support.AbstractAutowireCapableBeanFactory.invokeInitMethods(AbstractAutowireCapableBeanFactory.java:1853)
	at org.springframework.beans.factory.support.AbstractAutowireCapableBeanFactory.initializeBean(AbstractAutowireCapableBeanFactory.java:1790)
	... 24 common frames omitted
Caused by: liquibase.exception.DatabaseException: You have an error in your SQL syntax; check the manual that corresponds to your MySQL server version for the right syntax to use near 'VARCHAR.SMALL NULL, CONSTRAINT PK_OAUTH_CLIENT_DETAILS PRIMARY KEY (id))' at line 1 [Failed SQL: (1064) CREATE TABLE visual_acuity.oauth_client_details (id INT NOT NULL, name VARCHAR.SMALL NULL, CONSTRAINT PK_OAUTH_CLIENT_DETAILS PRIMARY KEY (id))]
	at liquibase.executor.jvm.JdbcExecutor$ExecuteStatementCallback.doInStatement(JdbcExecutor.java:430)
	at liquibase.executor.jvm.JdbcExecutor.execute(JdbcExecutor.java:87)
	at liquibase.executor.jvm.JdbcExecutor.execute(JdbcExecutor.java:159)
	at liquibase.database.AbstractJdbcDatabase.execute(AbstractJdbcDatabase.java:1276)
	at liquibase.database.AbstractJdbcDatabase.executeStatements(AbstractJdbcDatabase.java:1258)
	at liquibase.changelog.ChangeSet.execute(ChangeSet.java:622)
	... 32 common frames omitted
Caused by: java.sql.SQLSyntaxErrorException: You have an error in your SQL syntax; check the manual that corresponds to your MySQL server version for the right syntax to use near 'VARCHAR.SMALL NULL, CONSTRAINT PK_OAUTH_CLIENT_DETAILS PRIMARY KEY (id))' at line 1
	at com.mysql.cj.jdbc.exceptions.SQLError.createSQLException(SQLError.java:120)
	at com.mysql.cj.jdbc.exceptions.SQLError.createSQLException(SQLError.java:97)
	at com.mysql.cj.jdbc.exceptions.SQLExceptionsMapping.translateException(SQLExceptionsMapping.java:122)
	at com.mysql.cj.jdbc.StatementImpl.executeInternal(StatementImpl.java:764)
	at com.mysql.cj.jdbc.StatementImpl.execute(StatementImpl.java:648)
	at com.zaxxer.hikari.pool.ProxyStatement.execute(ProxyStatement.java:95)
	at com.zaxxer.hikari.pool.HikariProxyStatement.execute(HikariProxyStatement.java)
	at liquibase.executor.jvm.JdbcExecutor$ExecuteStatementCallback.doInStatement(JdbcExecutor.java:426)
	... 37 common frames omitted
15:05:51.367 [restartedMain] INFO  s.visualacuity.demo.DemoApplication - Starting DemoApplication on LAPTOP-LIIHR2B7 with PID 17948 (C:\Visual-Acuity-Measurement-System\demo\target\classes started by ACER in C:\Visual-Acuity-Measurement-System\demo) 
15:05:51.368 [restartedMain] INFO  s.visualacuity.demo.DemoApplication - No active profile set, falling back to default profiles: default 
15:05:51.426 [restartedMain] INFO  o.s.b.d.e.DevToolsPropertyDefaultsPostProcessor - Devtools property defaults active! Set 'spring.devtools.add-properties' to 'false' to disable 
15:05:51.426 [restartedMain] INFO  o.s.b.d.e.DevToolsPropertyDefaultsPostProcessor - For additional web related logging consider setting the 'logging.level.web' property to 'DEBUG' 
15:05:51.962 [restartedMain] INFO  o.s.d.r.c.RepositoryConfigurationDelegate - Bootstrapping Spring Data JPA repositories in DEFERRED mode. 
15:05:51.981 [restartedMain] INFO  o.s.d.r.c.RepositoryConfigurationDelegate - Finished Spring Data repository scanning in 12ms. Found 0 JPA repository interfaces. 
15:05:52.567 [restartedMain] INFO  o.s.b.w.e.tomcat.TomcatWebServer - Tomcat initialized with port(s): 8080 (http) 
15:05:52.575 [restartedMain] INFO  o.a.coyote.http11.Http11NioProtocol - Initializing ProtocolHandler ["http-nio-8080"] 
15:05:52.576 [restartedMain] INFO  o.a.catalina.core.StandardService - Starting service [Tomcat] 
15:05:52.576 [restartedMain] INFO  o.a.catalina.core.StandardEngine - Starting Servlet engine: [Apache Tomcat/9.0.38] 
15:05:52.660 [restartedMain] INFO  o.a.c.c.C.[Tomcat].[localhost].[/] - Initializing Spring embedded WebApplicationContext 
15:05:52.660 [restartedMain] INFO  o.s.b.w.s.c.ServletWebServerApplicationContext - Root WebApplicationContext: initialization completed in 1234 ms 
15:05:52.753 [restartedMain] INFO  com.zaxxer.hikari.HikariDataSource - HikariPool-1 - Starting... 
15:05:52.878 [restartedMain] INFO  com.zaxxer.hikari.HikariDataSource - HikariPool-1 - Start completed. 
15:05:53.595 [restartedMain] INFO  liquibase.executor.jvm.JdbcExecutor - Executing with the 'jdbc' executor 
15:05:53.616 [restartedMain] INFO  liquibase.executor.jvm.JdbcExecutor - SELECT COUNT(*) FROM visual_acuity.DATABASECHANGELOGLOCK 
15:05:53.635 [restartedMain] INFO  liquibase.executor.jvm.JdbcExecutor - Executing with the 'jdbc' executor 
15:05:53.636 [restartedMain] INFO  liquibase.executor.jvm.JdbcExecutor - SELECT COUNT(*) FROM visual_acuity.DATABASECHANGELOGLOCK 
15:05:53.654 [restartedMain] INFO  liquibase.executor.jvm.JdbcExecutor - Executing with the 'jdbc' executor 
15:05:53.654 [restartedMain] INFO  liquibase.executor.jvm.JdbcExecutor - SELECT `LOCKED` FROM visual_acuity.DATABASECHANGELOGLOCK WHERE ID=1 
15:05:53.655 [restartedMain] INFO  liquibase.executor.jvm.JdbcExecutor - Executing with the 'jdbc' executor 
15:05:53.666 [restartedMain] INFO  l.lockservice.StandardLockService - Successfully acquired change log lock 
15:05:54.591 [restartedMain] INFO  liquibase.executor.jvm.JdbcExecutor - Executing with the 'jdbc' executor 
15:05:54.592 [restartedMain] INFO  liquibase.executor.jvm.JdbcExecutor - SELECT MD5SUM FROM visual_acuity.DATABASECHANGELOG WHERE MD5SUM IS NOT NULL LIMIT 1 
15:05:54.593 [restartedMain] INFO  liquibase.executor.jvm.JdbcExecutor - Executing with the 'jdbc' executor 
15:05:54.593 [restartedMain] INFO  liquibase.executor.jvm.JdbcExecutor - SELECT COUNT(*) FROM visual_acuity.DATABASECHANGELOG 
15:05:54.593 [restartedMain] INFO  l.c.StandardChangeLogHistoryService - Reading from visual_acuity.DATABASECHANGELOG 
15:05:54.593 [restartedMain] INFO  liquibase.executor.jvm.JdbcExecutor - Executing with the 'jdbc' executor 
15:05:54.594 [restartedMain] INFO  liquibase.executor.jvm.JdbcExecutor - SELECT * FROM visual_acuity.DATABASECHANGELOG ORDER BY DATEEXECUTED ASC, ORDEREXECUTED ASC 
15:05:54.605 [restartedMain] INFO  liquibase.executor.jvm.JdbcExecutor - Executing with the 'jdbc' executor 
15:05:54.606 [restartedMain] INFO  liquibase.executor.jvm.JdbcExecutor - CREATE TABLE visual_acuity.oauth_client_details (id INT NOT NULL, name VARCHAR(120) NULL, CONSTRAINT PK_OAUTH_CLIENT_DETAILS PRIMARY KEY (id)) 
15:05:54.613 [restartedMain] INFO  liquibase.changelog.ChangeSet - Table oauth_client_details created 
15:05:54.613 [restartedMain] INFO  liquibase.executor.jvm.JdbcExecutor - Executing with the 'jdbc' executor 
15:05:54.613 [restartedMain] INFO  liquibase.executor.jvm.JdbcExecutor - INSERT INTO visual_acuity.oauth_client_details (id, name) VALUES ('1', 'gun') 
15:05:54.615 [restartedMain] INFO  liquibase.changelog.ChangeSet - New row inserted into oauth_client_details 
15:05:54.616 [restartedMain] INFO  liquibase.changelog.ChangeSet - ChangeSet classpath:db-changelog.xml::1::gun ran successfully in 12ms 
15:05:54.616 [restartedMain] INFO  liquibase.executor.jvm.JdbcExecutor - Executing with the 'jdbc' executor 
15:05:54.616 [restartedMain] INFO  liquibase.executor.jvm.JdbcExecutor - Executing with the 'jdbc' executor 
15:05:54.616 [restartedMain] INFO  liquibase.executor.jvm.JdbcExecutor - SELECT MAX(ORDEREXECUTED) FROM visual_acuity.DATABASECHANGELOG 
15:05:54.618 [restartedMain] INFO  liquibase.executor.jvm.JdbcExecutor - INSERT INTO visual_acuity.DATABASECHANGELOG (ID, AUTHOR, FILENAME, DATEEXECUTED, ORDEREXECUTED, MD5SUM, `DESCRIPTION`, COMMENTS, EXECTYPE, CONTEXTS, LABELS, LIQUIBASE, DEPLOYMENT_ID) VALUES ('1', 'gun', 'classpath:db-changelog.xml', NOW(), 1, '8:33b2c09dd5a1fda4d8574da64cb7685d', 'createTable tableName=oauth_client_details; insert tableName=oauth_client_details', '', 'EXECUTED', NULL, NULL, '3.10.0', '3353954595') 
15:05:54.620 [restartedMain] INFO  liquibase.executor.jvm.JdbcExecutor - Executing with the 'jdbc' executor 
15:05:54.623 [restartedMain] INFO  l.lockservice.StandardLockService - Successfully released change log lock 
15:05:54.686 [restartedMain] INFO  o.s.s.c.ThreadPoolTaskExecutor - Initializing ExecutorService 'applicationTaskExecutor' 
15:05:54.724 [task-1] INFO  o.h.jpa.internal.util.LogHelper - HHH000204: Processing PersistenceUnitInfo [name: default] 
15:05:54.764 [task-1] INFO  org.hibernate.Version - HHH000412: Hibernate ORM core version 5.4.21.Final 
15:05:54.769 [restartedMain] WARN  o.s.b.a.o.j.JpaBaseConfiguration$JpaWebConfiguration - spring.jpa.open-in-view is enabled by default. Therefore, database queries may be performed during view rendering. Explicitly configure spring.jpa.open-in-view to disable this warning 
15:05:54.888 [task-1] INFO  o.h.annotations.common.Version - HCANN000001: Hibernate Commons Annotations {5.1.0.Final} 
15:05:54.902 [restartedMain] INFO  o.s.b.a.w.s.WelcomePageHandlerMapping - Adding welcome page: class path resource [static/index.html] 
15:05:54.957 [restartedMain] WARN  o.t.templatemode.TemplateMode - [THYMELEAF][restartedMain] Template Mode 'LEGACYHTML5' is deprecated. Using Template Mode 'HTML' instead. 
15:05:54.983 [task-1] INFO  org.hibernate.dialect.Dialect - HHH000400: Using dialect: org.hibernate.dialect.MySQL5InnoDBDialect 
15:05:55.056 [restartedMain] INFO  o.s.b.d.a.OptionalLiveReloadServer - LiveReload server is running on port 35729 
15:05:55.069 [restartedMain] INFO  o.a.coyote.http11.Http11NioProtocol - Starting ProtocolHandler ["http-nio-8080"] 
15:05:55.101 [restartedMain] INFO  o.s.b.w.e.tomcat.TomcatWebServer - Tomcat started on port(s): 8080 (http) with context path '' 
15:05:55.103 [restartedMain] INFO  o.s.d.r.c.DeferredRepositoryInitializationListener - Triggering deferred initialization of Spring Data repositories… 
15:05:55.104 [restartedMain] INFO  o.s.d.r.c.DeferredRepositoryInitializationListener - Spring Data repositories initialized! 
15:05:55.115 [restartedMain] INFO  s.visualacuity.demo.DemoApplication - Started DemoApplication in 4.192 seconds (JVM running for 4.64) 
15:05:55.167 [task-1] INFO  o.h.e.t.j.p.i.JtaPlatformInitiator - HHH000490: Using JtaPlatform implementation: [org.hibernate.engine.transaction.jta.platform.internal.NoJtaPlatform] 
15:05:55.174 [task-1] INFO  o.s.o.j.LocalContainerEntityManagerFactoryBean - Initialized JPA EntityManagerFactory for persistence unit 'default' 
15:36:59.683 [HikariPool-1 housekeeper] WARN  com.zaxxer.hikari.pool.HikariPool - HikariPool-1 - Thread starvation or clock leap detected (housekeeper delta=11m6s674ms735µs100ns). 
15:44:58.855 [http-nio-8080-exec-1] INFO  o.a.c.c.C.[Tomcat].[localhost].[/] - Initializing Spring DispatcherServlet 'dispatcherServlet' 
15:44:58.855 [http-nio-8080-exec-1] INFO  o.s.web.servlet.DispatcherServlet - Initializing Servlet 'dispatcherServlet' 
15:44:58.862 [http-nio-8080-exec-1] INFO  o.s.web.servlet.DispatcherServlet - Completed initialization in 7 ms 
15:45:33.769 [restartedMain] INFO  s.visualacuity.demo.DemoApplication - Starting DemoApplication on LAPTOP-LIIHR2B7 with PID 19740 (C:\Visual-Acuity-Measurement-System\demo\target\classes started by ACER in C:\Visual-Acuity-Measurement-System\demo) 
15:45:33.770 [restartedMain] INFO  s.visualacuity.demo.DemoApplication - No active profile set, falling back to default profiles: default 
15:45:33.818 [restartedMain] INFO  o.s.b.d.e.DevToolsPropertyDefaultsPostProcessor - Devtools property defaults active! Set 'spring.devtools.add-properties' to 'false' to disable 
15:45:33.818 [restartedMain] INFO  o.s.b.d.e.DevToolsPropertyDefaultsPostProcessor - For additional web related logging consider setting the 'logging.level.web' property to 'DEBUG' 
15:45:34.312 [restartedMain] INFO  o.s.d.r.c.RepositoryConfigurationDelegate - Bootstrapping Spring Data JPA repositories in DEFERRED mode. 
15:45:34.327 [restartedMain] INFO  o.s.d.r.c.RepositoryConfigurationDelegate - Finished Spring Data repository scanning in 9ms. Found 0 JPA repository interfaces. 
15:45:34.908 [restartedMain] INFO  o.s.b.w.e.tomcat.TomcatWebServer - Tomcat initialized with port(s): 8080 (http) 
15:45:34.916 [restartedMain] INFO  o.a.coyote.http11.Http11NioProtocol - Initializing ProtocolHandler ["http-nio-8080"] 
15:45:34.916 [restartedMain] INFO  o.a.catalina.core.StandardService - Starting service [Tomcat] 
15:45:34.916 [restartedMain] INFO  o.a.catalina.core.StandardEngine - Starting Servlet engine: [Apache Tomcat/9.0.38] 
15:45:34.993 [restartedMain] INFO  o.a.c.c.C.[Tomcat].[localhost].[/] - Initializing Spring embedded WebApplicationContext 
15:45:34.993 [restartedMain] INFO  o.s.b.w.s.c.ServletWebServerApplicationContext - Root WebApplicationContext: initialization completed in 1175 ms 
15:45:35.080 [restartedMain] INFO  com.zaxxer.hikari.HikariDataSource - HikariPool-1 - Starting... 
15:45:35.198 [restartedMain] INFO  com.zaxxer.hikari.HikariDataSource - HikariPool-1 - Start completed. 
15:45:35.835 [restartedMain] INFO  liquibase.executor.jvm.JdbcExecutor - Executing with the 'jdbc' executor 
15:45:35.858 [restartedMain] INFO  liquibase.executor.jvm.JdbcExecutor - SELECT COUNT(*) FROM visual_acuity.DATABASECHANGELOGLOCK 
15:45:35.877 [restartedMain] INFO  liquibase.executor.jvm.JdbcExecutor - Executing with the 'jdbc' executor 
15:45:35.878 [restartedMain] INFO  liquibase.executor.jvm.JdbcExecutor - SELECT COUNT(*) FROM visual_acuity.DATABASECHANGELOGLOCK 
15:45:35.898 [restartedMain] INFO  liquibase.executor.jvm.JdbcExecutor - Executing with the 'jdbc' executor 
15:45:35.899 [restartedMain] INFO  liquibase.executor.jvm.JdbcExecutor - SELECT `LOCKED` FROM visual_acuity.DATABASECHANGELOGLOCK WHERE ID=1 
15:45:35.901 [restartedMain] INFO  liquibase.executor.jvm.JdbcExecutor - Executing with the 'jdbc' executor 
15:45:35.912 [restartedMain] INFO  l.lockservice.StandardLockService - Successfully acquired change log lock 
15:45:36.787 [restartedMain] INFO  liquibase.executor.jvm.JdbcExecutor - Executing with the 'jdbc' executor 
15:45:36.788 [restartedMain] INFO  liquibase.executor.jvm.JdbcExecutor - SELECT MD5SUM FROM visual_acuity.DATABASECHANGELOG WHERE MD5SUM IS NOT NULL LIMIT 1 
15:45:36.789 [restartedMain] INFO  liquibase.executor.jvm.JdbcExecutor - Executing with the 'jdbc' executor 
15:45:36.790 [restartedMain] INFO  liquibase.executor.jvm.JdbcExecutor - SELECT COUNT(*) FROM visual_acuity.DATABASECHANGELOG 
15:45:36.810 [restartedMain] INFO  l.c.StandardChangeLogHistoryService - Reading from visual_acuity.DATABASECHANGELOG 
15:45:36.810 [restartedMain] INFO  liquibase.executor.jvm.JdbcExecutor - Executing with the 'jdbc' executor 
15:45:36.811 [restartedMain] INFO  liquibase.executor.jvm.JdbcExecutor - SELECT * FROM visual_acuity.DATABASECHANGELOG ORDER BY DATEEXECUTED ASC, ORDEREXECUTED ASC 
15:45:36.821 [restartedMain] INFO  liquibase.executor.jvm.JdbcExecutor - Executing with the 'jdbc' executor 
15:45:36.823 [restartedMain] INFO  l.lockservice.StandardLockService - Successfully released change log lock 
15:45:36.886 [restartedMain] INFO  o.s.s.c.ThreadPoolTaskExecutor - Initializing ExecutorService 'applicationTaskExecutor' 
15:45:36.924 [task-1] INFO  o.h.jpa.internal.util.LogHelper - HHH000204: Processing PersistenceUnitInfo [name: default] 
15:45:36.963 [task-1] INFO  org.hibernate.Version - HHH000412: Hibernate ORM core version 5.4.21.Final 
15:45:36.977 [restartedMain] WARN  o.s.b.a.o.j.JpaBaseConfiguration$JpaWebConfiguration - spring.jpa.open-in-view is enabled by default. Therefore, database queries may be performed during view rendering. Explicitly configure spring.jpa.open-in-view to disable this warning 
15:45:37.074 [task-1] INFO  o.h.annotations.common.Version - HCANN000001: Hibernate Commons Annotations {5.1.0.Final} 
15:45:37.105 [restartedMain] INFO  o.s.b.a.w.s.WelcomePageHandlerMapping - Adding welcome page: class path resource [static/index.html] 
15:45:37.161 [restartedMain] WARN  o.t.templatemode.TemplateMode - [THYMELEAF][restartedMain] Template Mode 'LEGACYHTML5' is deprecated. Using Template Mode 'HTML' instead. 
15:45:37.168 [task-1] INFO  org.hibernate.dialect.Dialect - HHH000400: Using dialect: org.hibernate.dialect.MySQL5InnoDBDialect 
15:45:37.239 [restartedMain] INFO  o.s.b.d.a.OptionalLiveReloadServer - LiveReload server is running on port 35729 
15:45:37.248 [restartedMain] INFO  o.a.coyote.http11.Http11NioProtocol - Starting ProtocolHandler ["http-nio-8080"] 
15:45:37.268 [restartedMain] INFO  o.s.b.w.e.tomcat.TomcatWebServer - Tomcat started on port(s): 8080 (http) with context path '' 
15:45:37.269 [restartedMain] INFO  o.s.d.r.c.DeferredRepositoryInitializationListener - Triggering deferred initialization of Spring Data repositories… 
15:45:37.270 [restartedMain] INFO  o.s.d.r.c.DeferredRepositoryInitializationListener - Spring Data repositories initialized! 
15:45:37.276 [restartedMain] INFO  s.visualacuity.demo.DemoApplication - Started DemoApplication in 3.947 seconds (JVM running for 4.367) 
15:45:37.312 [task-1] INFO  o.h.e.t.j.p.i.JtaPlatformInitiator - HHH000490: Using JtaPlatform implementation: [org.hibernate.engine.transaction.jta.platform.internal.NoJtaPlatform] 
15:45:37.318 [task-1] INFO  o.s.o.j.LocalContainerEntityManagerFactoryBean - Initialized JPA EntityManagerFactory for persistence unit 'default' 
15:45:40.946 [http-nio-8080-exec-1] INFO  o.a.c.c.C.[Tomcat].[localhost].[/] - Initializing Spring DispatcherServlet 'dispatcherServlet' 
15:45:40.947 [http-nio-8080-exec-1] INFO  o.s.web.servlet.DispatcherServlet - Initializing Servlet 'dispatcherServlet' 
15:45:40.952 [http-nio-8080-exec-1] INFO  o.s.web.servlet.DispatcherServlet - Completed initialization in 5 ms 
15:45:55.932 [restartedMain] INFO  s.visualacuity.demo.DemoApplication - Starting DemoApplication on LAPTOP-LIIHR2B7 with PID 12584 (C:\Visual-Acuity-Measurement-System\demo\target\classes started by ACER in C:\Visual-Acuity-Measurement-System\demo) 
15:45:55.934 [restartedMain] INFO  s.visualacuity.demo.DemoApplication - No active profile set, falling back to default profiles: default 
15:45:55.977 [restartedMain] INFO  o.s.b.d.e.DevToolsPropertyDefaultsPostProcessor - Devtools property defaults active! Set 'spring.devtools.add-properties' to 'false' to disable 
15:45:55.977 [restartedMain] INFO  o.s.b.d.e.DevToolsPropertyDefaultsPostProcessor - For additional web related logging consider setting the 'logging.level.web' property to 'DEBUG' 
15:45:56.448 [restartedMain] INFO  o.s.d.r.c.RepositoryConfigurationDelegate - Bootstrapping Spring Data JPA repositories in DEFERRED mode. 
15:45:56.465 [restartedMain] INFO  o.s.d.r.c.RepositoryConfigurationDelegate - Finished Spring Data repository scanning in 10ms. Found 0 JPA repository interfaces. 
15:45:57.035 [restartedMain] INFO  o.s.b.w.e.tomcat.TomcatWebServer - Tomcat initialized with port(s): 8080 (http) 
15:45:57.043 [restartedMain] INFO  o.a.coyote.http11.Http11NioProtocol - Initializing ProtocolHandler ["http-nio-8080"] 
15:45:57.044 [restartedMain] INFO  o.a.catalina.core.StandardService - Starting service [Tomcat] 
15:45:57.044 [restartedMain] INFO  o.a.catalina.core.StandardEngine - Starting Servlet engine: [Apache Tomcat/9.0.38] 
15:45:57.125 [restartedMain] INFO  o.a.c.c.C.[Tomcat].[localhost].[/] - Initializing Spring embedded WebApplicationContext 
15:45:57.125 [restartedMain] INFO  o.s.b.w.s.c.ServletWebServerApplicationContext - Root WebApplicationContext: initialization completed in 1148 ms 
15:45:57.213 [restartedMain] INFO  com.zaxxer.hikari.HikariDataSource - HikariPool-1 - Starting... 
15:45:57.331 [restartedMain] INFO  com.zaxxer.hikari.HikariDataSource - HikariPool-1 - Start completed. 
15:45:58.007 [restartedMain] INFO  liquibase.executor.jvm.JdbcExecutor - Executing with the 'jdbc' executor 
15:45:58.032 [restartedMain] INFO  liquibase.executor.jvm.JdbcExecutor - SELECT COUNT(*) FROM visual_acuity.DATABASECHANGELOGLOCK 
15:45:58.054 [restartedMain] INFO  liquibase.executor.jvm.JdbcExecutor - Executing with the 'jdbc' executor 
15:45:58.055 [restartedMain] INFO  liquibase.executor.jvm.JdbcExecutor - SELECT COUNT(*) FROM visual_acuity.DATABASECHANGELOGLOCK 
15:45:58.074 [restartedMain] INFO  liquibase.executor.jvm.JdbcExecutor - Executing with the 'jdbc' executor 
15:45:58.075 [restartedMain] INFO  liquibase.executor.jvm.JdbcExecutor - SELECT `LOCKED` FROM visual_acuity.DATABASECHANGELOGLOCK WHERE ID=1 
15:45:58.077 [restartedMain] INFO  liquibase.executor.jvm.JdbcExecutor - Executing with the 'jdbc' executor 
15:45:58.089 [restartedMain] INFO  l.lockservice.StandardLockService - Successfully acquired change log lock 
15:45:58.877 [restartedMain] INFO  liquibase.executor.jvm.JdbcExecutor - Executing with the 'jdbc' executor 
15:45:58.877 [restartedMain] INFO  liquibase.executor.jvm.JdbcExecutor - SELECT MD5SUM FROM visual_acuity.DATABASECHANGELOG WHERE MD5SUM IS NOT NULL LIMIT 1 
15:45:58.878 [restartedMain] INFO  liquibase.executor.jvm.JdbcExecutor - Executing with the 'jdbc' executor 
15:45:58.879 [restartedMain] INFO  liquibase.executor.jvm.JdbcExecutor - SELECT COUNT(*) FROM visual_acuity.DATABASECHANGELOG 
15:45:58.897 [restartedMain] INFO  l.c.StandardChangeLogHistoryService - Reading from visual_acuity.DATABASECHANGELOG 
15:45:58.897 [restartedMain] INFO  liquibase.executor.jvm.JdbcExecutor - Executing with the 'jdbc' executor 
15:45:58.898 [restartedMain] INFO  liquibase.executor.jvm.JdbcExecutor - SELECT * FROM visual_acuity.DATABASECHANGELOG ORDER BY DATEEXECUTED ASC, ORDEREXECUTED ASC 
15:45:58.908 [restartedMain] INFO  liquibase.executor.jvm.JdbcExecutor - Executing with the 'jdbc' executor 
15:45:58.911 [restartedMain] INFO  l.lockservice.StandardLockService - Successfully released change log lock 
15:45:58.977 [restartedMain] INFO  o.s.s.c.ThreadPoolTaskExecutor - Initializing ExecutorService 'applicationTaskExecutor' 
15:45:59.016 [task-1] INFO  o.h.jpa.internal.util.LogHelper - HHH000204: Processing PersistenceUnitInfo [name: default] 
15:45:59.058 [task-1] INFO  org.hibernate.Version - HHH000412: Hibernate ORM core version 5.4.21.Final 
15:45:59.066 [restartedMain] WARN  o.s.b.a.o.j.JpaBaseConfiguration$JpaWebConfiguration - spring.jpa.open-in-view is enabled by default. Therefore, database queries may be performed during view rendering. Explicitly configure spring.jpa.open-in-view to disable this warning 
15:45:59.166 [task-1] INFO  o.h.annotations.common.Version - HCANN000001: Hibernate Commons Annotations {5.1.0.Final} 
15:45:59.187 [restartedMain] INFO  o.s.b.a.w.s.WelcomePageHandlerMapping - Adding welcome page: class path resource [static/index.html] 
15:45:59.236 [restartedMain] WARN  o.t.templatemode.TemplateMode - [THYMELEAF][restartedMain] Template Mode 'LEGACYHTML5' is deprecated. Using Template Mode 'HTML' instead. 
15:45:59.255 [task-1] INFO  org.hibernate.dialect.Dialect - HHH000400: Using dialect: org.hibernate.dialect.MySQL5InnoDBDialect 
15:45:59.317 [restartedMain] INFO  o.s.b.d.a.OptionalLiveReloadServer - LiveReload server is running on port 35729 
15:45:59.331 [restartedMain] INFO  o.a.coyote.http11.Http11NioProtocol - Starting ProtocolHandler ["http-nio-8080"] 
15:45:59.350 [restartedMain] INFO  o.s.b.w.e.tomcat.TomcatWebServer - Tomcat started on port(s): 8080 (http) with context path '' 
15:45:59.351 [restartedMain] INFO  o.s.d.r.c.DeferredRepositoryInitializationListener - Triggering deferred initialization of Spring Data repositories… 
15:45:59.352 [restartedMain] INFO  o.s.d.r.c.DeferredRepositoryInitializationListener - Spring Data repositories initialized! 
15:45:59.359 [restartedMain] INFO  s.visualacuity.demo.DemoApplication - Started DemoApplication in 3.883 seconds (JVM running for 4.298) 
15:45:59.400 [task-1] INFO  o.h.e.t.j.p.i.JtaPlatformInitiator - HHH000490: Using JtaPlatform implementation: [org.hibernate.engine.transaction.jta.platform.internal.NoJtaPlatform] 
15:45:59.407 [task-1] INFO  o.s.o.j.LocalContainerEntityManagerFactoryBean - Initialized JPA EntityManagerFactory for persistence unit 'default' 
15:59:26.033 [http-nio-8080-exec-1] INFO  o.a.c.c.C.[Tomcat].[localhost].[/] - Initializing Spring DispatcherServlet 'dispatcherServlet' 
15:59:26.033 [http-nio-8080-exec-1] INFO  o.s.web.servlet.DispatcherServlet - Initializing Servlet 'dispatcherServlet' 
15:59:26.039 [http-nio-8080-exec-1] INFO  o.s.web.servlet.DispatcherServlet - Completed initialization in 6 ms 
