11:00:06.619 [http-nio-8080-exec-1] INFO  o.a.c.c.C.[Tomcat].[localhost].[/] - Initializing Spring DispatcherServlet 'dispatcherServlet' 
11:00:06.621 [http-nio-8080-exec-1] INFO  o.s.web.servlet.DispatcherServlet - Initializing Servlet 'dispatcherServlet' 
11:00:06.626 [http-nio-8080-exec-1] INFO  o.s.web.servlet.DispatcherServlet - Completed initialization in 5 ms 
11:01:58.672 [restartedMain] INFO  s.visualacuity.demo.DemoApplication - Starting DemoApplication on LAPTOP-LIIHR2B7 with PID 18920 (C:\Visual-Acuity-Measurement-System\demo\target\classes started by ACER in C:\Visual-Acuity-Measurement-System\demo) 
11:01:58.674 [restartedMain] INFO  s.visualacuity.demo.DemoApplication - No active profile set, falling back to default profiles: default 
11:01:58.734 [restartedMain] INFO  o.s.b.d.e.DevToolsPropertyDefaultsPostProcessor - Devtools property defaults active! Set 'spring.devtools.add-properties' to 'false' to disable 
11:01:58.734 [restartedMain] INFO  o.s.b.d.e.DevToolsPropertyDefaultsPostProcessor - For additional web related logging consider setting the 'logging.level.web' property to 'DEBUG' 
11:01:59.252 [restartedMain] INFO  o.s.d.r.c.RepositoryConfigurationDelegate - Bootstrapping Spring Data JPA repositories in DEFERRED mode. 
11:01:59.268 [restartedMain] INFO  o.s.d.r.c.RepositoryConfigurationDelegate - Finished Spring Data repository scanning in 10ms. Found 0 JPA repository interfaces. 
11:01:59.817 [restartedMain] INFO  o.s.b.w.e.tomcat.TomcatWebServer - Tomcat initialized with port(s): 8080 (http) 
11:01:59.826 [restartedMain] INFO  o.a.coyote.http11.Http11NioProtocol - Initializing ProtocolHandler ["http-nio-8080"] 
11:01:59.827 [restartedMain] INFO  o.a.catalina.core.StandardService - Starting service [Tomcat] 
11:01:59.827 [restartedMain] INFO  o.a.catalina.core.StandardEngine - Starting Servlet engine: [Apache Tomcat/9.0.38] 
11:01:59.904 [restartedMain] INFO  o.a.c.c.C.[Tomcat].[localhost].[/] - Initializing Spring embedded WebApplicationContext 
11:01:59.904 [restartedMain] INFO  o.s.b.w.s.c.ServletWebServerApplicationContext - Root WebApplicationContext: initialization completed in 1170 ms 
11:01:59.992 [restartedMain] INFO  com.zaxxer.hikari.HikariDataSource - HikariPool-1 - Starting... 
11:02:00.122 [restartedMain] INFO  com.zaxxer.hikari.HikariDataSource - HikariPool-1 - Start completed. 
11:02:00.800 [restartedMain] INFO  liquibase.executor.jvm.JdbcExecutor - Executing with the 'jdbc' executor 
11:02:00.820 [restartedMain] INFO  liquibase.executor.jvm.JdbcExecutor - SELECT COUNT(*) FROM visual_acuity.DATABASECHANGELOGLOCK 
11:02:00.844 [restartedMain] INFO  liquibase.executor.jvm.JdbcExecutor - Executing with the 'jdbc' executor 
11:02:00.845 [restartedMain] INFO  liquibase.executor.jvm.JdbcExecutor - SELECT COUNT(*) FROM visual_acuity.DATABASECHANGELOGLOCK 
11:02:00.862 [restartedMain] INFO  liquibase.executor.jvm.JdbcExecutor - Executing with the 'jdbc' executor 
11:02:00.862 [restartedMain] INFO  liquibase.executor.jvm.JdbcExecutor - SELECT `LOCKED` FROM visual_acuity.DATABASECHANGELOGLOCK WHERE ID=1 
11:02:00.864 [restartedMain] INFO  liquibase.executor.jvm.JdbcExecutor - Executing with the 'jdbc' executor 
11:02:00.873 [restartedMain] INFO  l.lockservice.StandardLockService - Successfully acquired change log lock 
11:02:01.715 [restartedMain] INFO  liquibase.executor.jvm.JdbcExecutor - Executing with the 'jdbc' executor 
11:02:01.716 [restartedMain] INFO  liquibase.executor.jvm.JdbcExecutor - SELECT MD5SUM FROM visual_acuity.DATABASECHANGELOG WHERE MD5SUM IS NOT NULL LIMIT 1 
11:02:01.717 [restartedMain] INFO  liquibase.executor.jvm.JdbcExecutor - Executing with the 'jdbc' executor 
11:02:01.718 [restartedMain] INFO  liquibase.executor.jvm.JdbcExecutor - SELECT COUNT(*) FROM visual_acuity.DATABASECHANGELOG 
11:02:01.736 [restartedMain] INFO  l.c.StandardChangeLogHistoryService - Reading from visual_acuity.DATABASECHANGELOG 
11:02:01.736 [restartedMain] INFO  liquibase.executor.jvm.JdbcExecutor - Executing with the 'jdbc' executor 
11:02:01.736 [restartedMain] INFO  liquibase.executor.jvm.JdbcExecutor - SELECT * FROM visual_acuity.DATABASECHANGELOG ORDER BY DATEEXECUTED ASC, ORDEREXECUTED ASC 
11:02:01.745 [restartedMain] INFO  liquibase.executor.jvm.JdbcExecutor - Executing with the 'jdbc' executor 
11:02:01.747 [restartedMain] INFO  l.lockservice.StandardLockService - Successfully released change log lock 
11:02:01.810 [restartedMain] INFO  o.s.s.c.ThreadPoolTaskExecutor - Initializing ExecutorService 'applicationTaskExecutor' 
11:02:01.848 [task-1] INFO  o.h.jpa.internal.util.LogHelper - HHH000204: Processing PersistenceUnitInfo [name: default] 
11:02:01.890 [task-1] INFO  org.hibernate.Version - HHH000412: Hibernate ORM core version 5.4.21.Final 
11:02:01.901 [restartedMain] WARN  o.s.b.a.o.j.JpaBaseConfiguration$JpaWebConfiguration - spring.jpa.open-in-view is enabled by default. Therefore, database queries may be performed during view rendering. Explicitly configure spring.jpa.open-in-view to disable this warning 
11:02:02.012 [task-1] INFO  o.h.annotations.common.Version - HCANN000001: Hibernate Commons Annotations {5.1.0.Final} 
11:02:02.035 [restartedMain] INFO  o.s.b.a.w.s.WelcomePageHandlerMapping - Adding welcome page: class path resource [static/index.html] 
11:02:02.092 [restartedMain] WARN  o.t.templatemode.TemplateMode - [THYMELEAF][restartedMain] Template Mode 'LEGACYHTML5' is deprecated. Using Template Mode 'HTML' instead. 
11:02:02.100 [task-1] INFO  org.hibernate.dialect.Dialect - HHH000400: Using dialect: org.hibernate.dialect.MySQL5InnoDBDialect 
11:02:02.169 [restartedMain] INFO  o.s.b.d.a.OptionalLiveReloadServer - LiveReload server is running on port 35729 
11:02:02.184 [restartedMain] INFO  o.a.coyote.http11.Http11NioProtocol - Starting ProtocolHandler ["http-nio-8080"] 
11:02:02.206 [restartedMain] INFO  o.s.b.w.e.tomcat.TomcatWebServer - Tomcat started on port(s): 8080 (http) with context path '' 
11:02:02.208 [restartedMain] INFO  o.s.d.r.c.DeferredRepositoryInitializationListener - Triggering deferred initialization of Spring Data repositories… 
11:02:02.208 [restartedMain] INFO  o.s.d.r.c.DeferredRepositoryInitializationListener - Spring Data repositories initialized! 
11:02:02.215 [restartedMain] INFO  s.visualacuity.demo.DemoApplication - Started DemoApplication in 4.077 seconds (JVM running for 4.519) 
11:02:02.254 [task-1] INFO  o.h.e.t.j.p.i.JtaPlatformInitiator - HHH000490: Using JtaPlatform implementation: [org.hibernate.engine.transaction.jta.platform.internal.NoJtaPlatform] 
11:02:02.261 [task-1] INFO  o.s.o.j.LocalContainerEntityManagerFactoryBean - Initialized JPA EntityManagerFactory for persistence unit 'default' 
11:02:08.101 [http-nio-8080-exec-1] INFO  o.a.c.c.C.[Tomcat].[localhost].[/] - Initializing Spring DispatcherServlet 'dispatcherServlet' 
11:02:08.101 [http-nio-8080-exec-1] INFO  o.s.web.servlet.DispatcherServlet - Initializing Servlet 'dispatcherServlet' 
11:02:08.107 [http-nio-8080-exec-1] INFO  o.s.web.servlet.DispatcherServlet - Completed initialization in 5 ms 
11:05:31.676 [restartedMain] INFO  s.visualacuity.demo.DemoApplication - Starting DemoApplication on LAPTOP-LIIHR2B7 with PID 1472 (C:\Visual-Acuity-Measurement-System\demo\target\classes started by ACER in C:\Visual-Acuity-Measurement-System\demo) 
11:05:31.677 [restartedMain] INFO  s.visualacuity.demo.DemoApplication - No active profile set, falling back to default profiles: default 
11:05:31.731 [restartedMain] INFO  o.s.b.d.e.DevToolsPropertyDefaultsPostProcessor - Devtools property defaults active! Set 'spring.devtools.add-properties' to 'false' to disable 
11:05:31.732 [restartedMain] INFO  o.s.b.d.e.DevToolsPropertyDefaultsPostProcessor - For additional web related logging consider setting the 'logging.level.web' property to 'DEBUG' 
11:05:32.245 [restartedMain] INFO  o.s.d.r.c.RepositoryConfigurationDelegate - Bootstrapping Spring Data JPA repositories in DEFERRED mode. 
11:05:32.261 [restartedMain] INFO  o.s.d.r.c.RepositoryConfigurationDelegate - Finished Spring Data repository scanning in 9ms. Found 0 JPA repository interfaces. 
11:05:32.834 [restartedMain] INFO  o.s.b.w.e.tomcat.TomcatWebServer - Tomcat initialized with port(s): 8080 (http) 
11:05:32.844 [restartedMain] INFO  o.a.coyote.http11.Http11NioProtocol - Initializing ProtocolHandler ["http-nio-8080"] 
11:05:32.844 [restartedMain] INFO  o.a.catalina.core.StandardService - Starting service [Tomcat] 
11:05:32.844 [restartedMain] INFO  o.a.catalina.core.StandardEngine - Starting Servlet engine: [Apache Tomcat/9.0.38] 
11:05:32.934 [restartedMain] INFO  o.a.c.c.C.[Tomcat].[localhost].[/] - Initializing Spring embedded WebApplicationContext 
11:05:32.934 [restartedMain] INFO  o.s.b.w.s.c.ServletWebServerApplicationContext - Root WebApplicationContext: initialization completed in 1202 ms 
11:05:33.037 [restartedMain] INFO  com.zaxxer.hikari.HikariDataSource - HikariPool-1 - Starting... 
11:05:33.157 [restartedMain] INFO  com.zaxxer.hikari.HikariDataSource - HikariPool-1 - Start completed. 
11:05:33.828 [restartedMain] INFO  liquibase.executor.jvm.JdbcExecutor - Executing with the 'jdbc' executor 
11:05:33.850 [restartedMain] INFO  liquibase.executor.jvm.JdbcExecutor - SELECT COUNT(*) FROM visual_acuity.DATABASECHANGELOGLOCK 
11:05:33.875 [restartedMain] INFO  liquibase.executor.jvm.JdbcExecutor - Executing with the 'jdbc' executor 
11:05:33.875 [restartedMain] INFO  liquibase.executor.jvm.JdbcExecutor - SELECT COUNT(*) FROM visual_acuity.DATABASECHANGELOGLOCK 
11:05:33.893 [restartedMain] INFO  liquibase.executor.jvm.JdbcExecutor - Executing with the 'jdbc' executor 
11:05:33.894 [restartedMain] INFO  liquibase.executor.jvm.JdbcExecutor - SELECT `LOCKED` FROM visual_acuity.DATABASECHANGELOGLOCK WHERE ID=1 
11:05:33.895 [restartedMain] INFO  liquibase.executor.jvm.JdbcExecutor - Executing with the 'jdbc' executor 
11:05:33.906 [restartedMain] INFO  l.lockservice.StandardLockService - Successfully acquired change log lock 
11:05:34.775 [restartedMain] INFO  liquibase.executor.jvm.JdbcExecutor - Executing with the 'jdbc' executor 
11:05:34.776 [restartedMain] INFO  liquibase.executor.jvm.JdbcExecutor - SELECT MD5SUM FROM visual_acuity.DATABASECHANGELOG WHERE MD5SUM IS NOT NULL LIMIT 1 
11:05:34.777 [restartedMain] INFO  liquibase.executor.jvm.JdbcExecutor - Executing with the 'jdbc' executor 
11:05:34.777 [restartedMain] INFO  liquibase.executor.jvm.JdbcExecutor - SELECT COUNT(*) FROM visual_acuity.DATABASECHANGELOG 
11:05:34.797 [restartedMain] INFO  l.c.StandardChangeLogHistoryService - Reading from visual_acuity.DATABASECHANGELOG 
11:05:34.797 [restartedMain] INFO  liquibase.executor.jvm.JdbcExecutor - Executing with the 'jdbc' executor 
11:05:34.798 [restartedMain] INFO  liquibase.executor.jvm.JdbcExecutor - SELECT * FROM visual_acuity.DATABASECHANGELOG ORDER BY DATEEXECUTED ASC, ORDEREXECUTED ASC 
11:05:34.806 [restartedMain] INFO  liquibase.executor.jvm.JdbcExecutor - Executing with the 'jdbc' executor 
11:05:34.809 [restartedMain] INFO  l.lockservice.StandardLockService - Successfully released change log lock 
11:05:34.880 [restartedMain] INFO  o.s.s.c.ThreadPoolTaskExecutor - Initializing ExecutorService 'applicationTaskExecutor' 
11:05:34.920 [task-1] INFO  o.h.jpa.internal.util.LogHelper - HHH000204: Processing PersistenceUnitInfo [name: default] 
11:05:34.961 [task-1] INFO  org.hibernate.Version - HHH000412: Hibernate ORM core version 5.4.21.Final 
11:05:34.967 [restartedMain] WARN  o.s.b.a.o.j.JpaBaseConfiguration$JpaWebConfiguration - spring.jpa.open-in-view is enabled by default. Therefore, database queries may be performed during view rendering. Explicitly configure spring.jpa.open-in-view to disable this warning 
11:05:35.080 [task-1] INFO  o.h.annotations.common.Version - HCANN000001: Hibernate Commons Annotations {5.1.0.Final} 
11:05:35.094 [restartedMain] INFO  o.s.b.a.w.s.WelcomePageHandlerMapping - Adding welcome page: class path resource [static/index.html] 
11:05:35.145 [restartedMain] WARN  o.t.templatemode.TemplateMode - [THYMELEAF][restartedMain] Template Mode 'LEGACYHTML5' is deprecated. Using Template Mode 'HTML' instead. 
11:05:35.168 [task-1] INFO  org.hibernate.dialect.Dialect - HHH000400: Using dialect: org.hibernate.dialect.MySQL5InnoDBDialect 
11:05:35.223 [restartedMain] INFO  o.s.b.d.a.OptionalLiveReloadServer - LiveReload server is running on port 35729 
11:05:35.238 [restartedMain] INFO  o.a.coyote.http11.Http11NioProtocol - Starting ProtocolHandler ["http-nio-8080"] 
11:05:35.262 [restartedMain] INFO  o.s.b.w.e.tomcat.TomcatWebServer - Tomcat started on port(s): 8080 (http) with context path '' 
11:05:35.263 [restartedMain] INFO  o.s.d.r.c.DeferredRepositoryInitializationListener - Triggering deferred initialization of Spring Data repositories… 
11:05:35.264 [restartedMain] INFO  o.s.d.r.c.DeferredRepositoryInitializationListener - Spring Data repositories initialized! 
11:05:35.273 [restartedMain] INFO  s.visualacuity.demo.DemoApplication - Started DemoApplication in 4.068 seconds (JVM running for 4.51) 
11:05:35.323 [task-1] INFO  o.h.e.t.j.p.i.JtaPlatformInitiator - HHH000490: Using JtaPlatform implementation: [org.hibernate.engine.transaction.jta.platform.internal.NoJtaPlatform] 
11:05:35.330 [task-1] INFO  o.s.o.j.LocalContainerEntityManagerFactoryBean - Initialized JPA EntityManagerFactory for persistence unit 'default' 
11:05:43.888 [http-nio-8080-exec-1] INFO  o.a.c.c.C.[Tomcat].[localhost].[/] - Initializing Spring DispatcherServlet 'dispatcherServlet' 
11:05:43.888 [http-nio-8080-exec-1] INFO  o.s.web.servlet.DispatcherServlet - Initializing Servlet 'dispatcherServlet' 
11:05:43.893 [http-nio-8080-exec-1] INFO  o.s.web.servlet.DispatcherServlet - Completed initialization in 5 ms 
11:06:04.960 [restartedMain] INFO  s.visualacuity.demo.DemoApplication - Starting DemoApplication on LAPTOP-LIIHR2B7 with PID 7624 (C:\Visual-Acuity-Measurement-System\demo\target\classes started by ACER in C:\Visual-Acuity-Measurement-System\demo) 
11:06:04.962 [restartedMain] INFO  s.visualacuity.demo.DemoApplication - No active profile set, falling back to default profiles: default 
11:06:05.007 [restartedMain] INFO  o.s.b.d.e.DevToolsPropertyDefaultsPostProcessor - Devtools property defaults active! Set 'spring.devtools.add-properties' to 'false' to disable 
11:06:05.008 [restartedMain] INFO  o.s.b.d.e.DevToolsPropertyDefaultsPostProcessor - For additional web related logging consider setting the 'logging.level.web' property to 'DEBUG' 
11:06:05.642 [restartedMain] INFO  o.s.d.r.c.RepositoryConfigurationDelegate - Bootstrapping Spring Data JPA repositories in DEFERRED mode. 
11:06:05.660 [restartedMain] INFO  o.s.d.r.c.RepositoryConfigurationDelegate - Finished Spring Data repository scanning in 10ms. Found 0 JPA repository interfaces. 
11:06:06.266 [restartedMain] INFO  o.s.b.w.e.tomcat.TomcatWebServer - Tomcat initialized with port(s): 8080 (http) 
11:06:06.276 [restartedMain] INFO  o.a.coyote.http11.Http11NioProtocol - Initializing ProtocolHandler ["http-nio-8080"] 
11:06:06.276 [restartedMain] INFO  o.a.catalina.core.StandardService - Starting service [Tomcat] 
11:06:06.276 [restartedMain] INFO  o.a.catalina.core.StandardEngine - Starting Servlet engine: [Apache Tomcat/9.0.38] 
11:06:06.342 [restartedMain] INFO  o.a.c.c.C.[Tomcat].[localhost].[/] - Initializing Spring embedded WebApplicationContext 
11:06:06.342 [restartedMain] INFO  o.s.b.w.s.c.ServletWebServerApplicationContext - Root WebApplicationContext: initialization completed in 1334 ms 
11:06:06.431 [restartedMain] INFO  com.zaxxer.hikari.HikariDataSource - HikariPool-1 - Starting... 
11:06:06.562 [restartedMain] INFO  com.zaxxer.hikari.HikariDataSource - HikariPool-1 - Start completed. 
11:06:07.267 [restartedMain] INFO  liquibase.executor.jvm.JdbcExecutor - Executing with the 'jdbc' executor 
11:06:07.292 [restartedMain] INFO  liquibase.executor.jvm.JdbcExecutor - SELECT COUNT(*) FROM visual_acuity.DATABASECHANGELOGLOCK 
11:06:07.315 [restartedMain] INFO  liquibase.executor.jvm.JdbcExecutor - Executing with the 'jdbc' executor 
11:06:07.316 [restartedMain] INFO  liquibase.executor.jvm.JdbcExecutor - SELECT COUNT(*) FROM visual_acuity.DATABASECHANGELOGLOCK 
11:06:07.333 [restartedMain] INFO  liquibase.executor.jvm.JdbcExecutor - Executing with the 'jdbc' executor 
11:06:07.334 [restartedMain] INFO  liquibase.executor.jvm.JdbcExecutor - SELECT `LOCKED` FROM visual_acuity.DATABASECHANGELOGLOCK WHERE ID=1 
11:06:07.335 [restartedMain] INFO  liquibase.executor.jvm.JdbcExecutor - Executing with the 'jdbc' executor 
11:06:07.351 [restartedMain] INFO  l.lockservice.StandardLockService - Successfully acquired change log lock 
11:06:08.282 [restartedMain] INFO  liquibase.executor.jvm.JdbcExecutor - Executing with the 'jdbc' executor 
11:06:08.283 [restartedMain] INFO  liquibase.executor.jvm.JdbcExecutor - SELECT MD5SUM FROM visual_acuity.DATABASECHANGELOG WHERE MD5SUM IS NOT NULL LIMIT 1 
11:06:08.284 [restartedMain] INFO  liquibase.executor.jvm.JdbcExecutor - Executing with the 'jdbc' executor 
11:06:08.284 [restartedMain] INFO  liquibase.executor.jvm.JdbcExecutor - SELECT COUNT(*) FROM visual_acuity.DATABASECHANGELOG 
11:06:08.300 [restartedMain] INFO  l.c.StandardChangeLogHistoryService - Reading from visual_acuity.DATABASECHANGELOG 
11:06:08.300 [restartedMain] INFO  liquibase.executor.jvm.JdbcExecutor - Executing with the 'jdbc' executor 
11:06:08.301 [restartedMain] INFO  liquibase.executor.jvm.JdbcExecutor - SELECT * FROM visual_acuity.DATABASECHANGELOG ORDER BY DATEEXECUTED ASC, ORDEREXECUTED ASC 
11:06:08.311 [restartedMain] INFO  liquibase.executor.jvm.JdbcExecutor - Executing with the 'jdbc' executor 
11:06:08.314 [restartedMain] INFO  l.lockservice.StandardLockService - Successfully released change log lock 
11:06:08.380 [restartedMain] INFO  o.s.s.c.ThreadPoolTaskExecutor - Initializing ExecutorService 'applicationTaskExecutor' 
11:06:08.418 [task-1] INFO  o.h.jpa.internal.util.LogHelper - HHH000204: Processing PersistenceUnitInfo [name: default] 
11:06:08.460 [task-1] INFO  org.hibernate.Version - HHH000412: Hibernate ORM core version 5.4.21.Final 
11:06:08.476 [restartedMain] WARN  o.s.b.a.o.j.JpaBaseConfiguration$JpaWebConfiguration - spring.jpa.open-in-view is enabled by default. Therefore, database queries may be performed during view rendering. Explicitly configure spring.jpa.open-in-view to disable this warning 
11:06:08.574 [task-1] INFO  o.h.annotations.common.Version - HCANN000001: Hibernate Commons Annotations {5.1.0.Final} 
11:06:08.607 [restartedMain] INFO  o.s.b.a.w.s.WelcomePageHandlerMapping - Adding welcome page: class path resource [static/index.html] 
11:06:08.660 [restartedMain] WARN  o.t.templatemode.TemplateMode - [THYMELEAF][restartedMain] Template Mode 'LEGACYHTML5' is deprecated. Using Template Mode 'HTML' instead. 
11:06:08.667 [task-1] INFO  org.hibernate.dialect.Dialect - HHH000400: Using dialect: org.hibernate.dialect.MySQL5InnoDBDialect 
11:06:08.742 [restartedMain] INFO  o.s.b.d.a.OptionalLiveReloadServer - LiveReload server is running on port 35729 
11:06:08.752 [restartedMain] INFO  o.a.coyote.http11.Http11NioProtocol - Starting ProtocolHandler ["http-nio-8080"] 
11:06:08.776 [restartedMain] INFO  o.s.b.w.e.tomcat.TomcatWebServer - Tomcat started on port(s): 8080 (http) with context path '' 
11:06:08.778 [restartedMain] INFO  o.s.d.r.c.DeferredRepositoryInitializationListener - Triggering deferred initialization of Spring Data repositories… 
11:06:08.779 [restartedMain] INFO  o.s.d.r.c.DeferredRepositoryInitializationListener - Spring Data repositories initialized! 
11:06:08.787 [restartedMain] INFO  s.visualacuity.demo.DemoApplication - Started DemoApplication in 4.384 seconds (JVM running for 4.905) 
11:06:08.811 [task-1] INFO  o.h.e.t.j.p.i.JtaPlatformInitiator - HHH000490: Using JtaPlatform implementation: [org.hibernate.engine.transaction.jta.platform.internal.NoJtaPlatform] 
11:06:08.817 [task-1] INFO  o.s.o.j.LocalContainerEntityManagerFactoryBean - Initialized JPA EntityManagerFactory for persistence unit 'default' 
11:06:12.331 [http-nio-8080-exec-1] INFO  o.a.c.c.C.[Tomcat].[localhost].[/] - Initializing Spring DispatcherServlet 'dispatcherServlet' 
11:06:12.331 [http-nio-8080-exec-1] INFO  o.s.web.servlet.DispatcherServlet - Initializing Servlet 'dispatcherServlet' 
11:06:12.336 [http-nio-8080-exec-1] INFO  o.s.web.servlet.DispatcherServlet - Completed initialization in 5 ms 
11:06:22.500 [restartedMain] INFO  s.visualacuity.demo.DemoApplication - Starting DemoApplication on LAPTOP-LIIHR2B7 with PID 12672 (C:\Visual-Acuity-Measurement-System\demo\target\classes started by ACER in C:\Visual-Acuity-Measurement-System\demo) 
11:06:22.501 [restartedMain] INFO  s.visualacuity.demo.DemoApplication - No active profile set, falling back to default profiles: default 
11:06:22.553 [restartedMain] INFO  o.s.b.d.e.DevToolsPropertyDefaultsPostProcessor - Devtools property defaults active! Set 'spring.devtools.add-properties' to 'false' to disable 
11:06:22.553 [restartedMain] INFO  o.s.b.d.e.DevToolsPropertyDefaultsPostProcessor - For additional web related logging consider setting the 'logging.level.web' property to 'DEBUG' 
11:06:23.063 [restartedMain] INFO  o.s.d.r.c.RepositoryConfigurationDelegate - Bootstrapping Spring Data JPA repositories in DEFERRED mode. 
11:06:23.078 [restartedMain] INFO  o.s.d.r.c.RepositoryConfigurationDelegate - Finished Spring Data repository scanning in 10ms. Found 0 JPA repository interfaces. 
11:06:23.719 [restartedMain] INFO  o.s.b.w.e.tomcat.TomcatWebServer - Tomcat initialized with port(s): 8080 (http) 
11:06:23.727 [restartedMain] INFO  o.a.coyote.http11.Http11NioProtocol - Initializing ProtocolHandler ["http-nio-8080"] 
11:06:23.727 [restartedMain] INFO  o.a.catalina.core.StandardService - Starting service [Tomcat] 
11:06:23.728 [restartedMain] INFO  o.a.catalina.core.StandardEngine - Starting Servlet engine: [Apache Tomcat/9.0.38] 
11:06:23.807 [restartedMain] INFO  o.a.c.c.C.[Tomcat].[localhost].[/] - Initializing Spring embedded WebApplicationContext 
11:06:23.807 [restartedMain] INFO  o.s.b.w.s.c.ServletWebServerApplicationContext - Root WebApplicationContext: initialization completed in 1253 ms 
11:06:23.909 [restartedMain] INFO  com.zaxxer.hikari.HikariDataSource - HikariPool-1 - Starting... 
11:06:24.031 [restartedMain] INFO  com.zaxxer.hikari.HikariDataSource - HikariPool-1 - Start completed. 
11:06:24.694 [restartedMain] INFO  liquibase.executor.jvm.JdbcExecutor - Executing with the 'jdbc' executor 
11:06:24.713 [restartedMain] INFO  liquibase.executor.jvm.JdbcExecutor - SELECT COUNT(*) FROM visual_acuity.DATABASECHANGELOGLOCK 
11:06:24.738 [restartedMain] INFO  liquibase.executor.jvm.JdbcExecutor - Executing with the 'jdbc' executor 
11:06:24.738 [restartedMain] INFO  liquibase.executor.jvm.JdbcExecutor - SELECT COUNT(*) FROM visual_acuity.DATABASECHANGELOGLOCK 
11:06:24.761 [restartedMain] INFO  liquibase.executor.jvm.JdbcExecutor - Executing with the 'jdbc' executor 
11:06:24.761 [restartedMain] INFO  liquibase.executor.jvm.JdbcExecutor - SELECT `LOCKED` FROM visual_acuity.DATABASECHANGELOGLOCK WHERE ID=1 
11:06:24.763 [restartedMain] INFO  liquibase.executor.jvm.JdbcExecutor - Executing with the 'jdbc' executor 
11:06:24.773 [restartedMain] INFO  l.lockservice.StandardLockService - Successfully acquired change log lock 
11:06:25.647 [restartedMain] INFO  liquibase.executor.jvm.JdbcExecutor - Executing with the 'jdbc' executor 
11:06:25.648 [restartedMain] INFO  liquibase.executor.jvm.JdbcExecutor - SELECT MD5SUM FROM visual_acuity.DATABASECHANGELOG WHERE MD5SUM IS NOT NULL LIMIT 1 
11:06:25.649 [restartedMain] INFO  liquibase.executor.jvm.JdbcExecutor - Executing with the 'jdbc' executor 
11:06:25.650 [restartedMain] INFO  liquibase.executor.jvm.JdbcExecutor - SELECT COUNT(*) FROM visual_acuity.DATABASECHANGELOG 
11:06:25.667 [restartedMain] INFO  l.c.StandardChangeLogHistoryService - Reading from visual_acuity.DATABASECHANGELOG 
11:06:25.667 [restartedMain] INFO  liquibase.executor.jvm.JdbcExecutor - Executing with the 'jdbc' executor 
11:06:25.667 [restartedMain] INFO  liquibase.executor.jvm.JdbcExecutor - SELECT * FROM visual_acuity.DATABASECHANGELOG ORDER BY DATEEXECUTED ASC, ORDEREXECUTED ASC 
11:06:25.677 [restartedMain] INFO  liquibase.executor.jvm.JdbcExecutor - Executing with the 'jdbc' executor 
11:06:25.678 [restartedMain] INFO  l.lockservice.StandardLockService - Successfully released change log lock 
11:06:25.744 [restartedMain] INFO  o.s.s.c.ThreadPoolTaskExecutor - Initializing ExecutorService 'applicationTaskExecutor' 
11:06:25.782 [task-1] INFO  o.h.jpa.internal.util.LogHelper - HHH000204: Processing PersistenceUnitInfo [name: default] 
11:06:25.820 [task-1] INFO  org.hibernate.Version - HHH000412: Hibernate ORM core version 5.4.21.Final 
11:06:25.837 [restartedMain] WARN  o.s.b.a.o.j.JpaBaseConfiguration$JpaWebConfiguration - spring.jpa.open-in-view is enabled by default. Therefore, database queries may be performed during view rendering. Explicitly configure spring.jpa.open-in-view to disable this warning 
11:06:25.939 [task-1] INFO  o.h.annotations.common.Version - HCANN000001: Hibernate Commons Annotations {5.1.0.Final} 
11:06:25.960 [restartedMain] INFO  o.s.b.a.w.s.WelcomePageHandlerMapping - Adding welcome page: class path resource [static/index.html] 
11:06:26.018 [restartedMain] WARN  o.t.templatemode.TemplateMode - [THYMELEAF][restartedMain] Template Mode 'LEGACYHTML5' is deprecated. Using Template Mode 'HTML' instead. 
11:06:26.027 [task-1] INFO  org.hibernate.dialect.Dialect - HHH000400: Using dialect: org.hibernate.dialect.MySQL5InnoDBDialect 
11:06:26.106 [restartedMain] INFO  o.s.b.d.a.OptionalLiveReloadServer - LiveReload server is running on port 35729 
11:06:26.116 [restartedMain] INFO  o.a.coyote.http11.Http11NioProtocol - Starting ProtocolHandler ["http-nio-8080"] 
11:06:26.139 [restartedMain] INFO  o.s.b.w.e.tomcat.TomcatWebServer - Tomcat started on port(s): 8080 (http) with context path '' 
11:06:26.141 [restartedMain] INFO  o.s.d.r.c.DeferredRepositoryInitializationListener - Triggering deferred initialization of Spring Data repositories… 
11:06:26.142 [restartedMain] INFO  o.s.d.r.c.DeferredRepositoryInitializationListener - Spring Data repositories initialized! 
11:06:26.150 [restartedMain] INFO  s.visualacuity.demo.DemoApplication - Started DemoApplication in 4.152 seconds (JVM running for 4.587) 
11:06:26.182 [task-1] INFO  o.h.e.t.j.p.i.JtaPlatformInitiator - HHH000490: Using JtaPlatform implementation: [org.hibernate.engine.transaction.jta.platform.internal.NoJtaPlatform] 
11:06:26.188 [task-1] INFO  o.s.o.j.LocalContainerEntityManagerFactoryBean - Initialized JPA EntityManagerFactory for persistence unit 'default' 
11:06:29.151 [http-nio-8080-exec-1] INFO  o.a.c.c.C.[Tomcat].[localhost].[/] - Initializing Spring DispatcherServlet 'dispatcherServlet' 
11:06:29.152 [http-nio-8080-exec-1] INFO  o.s.web.servlet.DispatcherServlet - Initializing Servlet 'dispatcherServlet' 
11:06:29.156 [http-nio-8080-exec-1] INFO  o.s.web.servlet.DispatcherServlet - Completed initialization in 4 ms 
11:19:55.332 [restartedMain] INFO  s.visualacuity.demo.DemoApplication - Starting DemoApplication on LAPTOP-LIIHR2B7 with PID 16420 (C:\Visual-Acuity-Measurement-System\demo\target\classes started by ACER in C:\Visual-Acuity-Measurement-System\demo) 
11:19:55.334 [restartedMain] INFO  s.visualacuity.demo.DemoApplication - No active profile set, falling back to default profiles: default 
11:19:55.397 [restartedMain] INFO  o.s.b.d.e.DevToolsPropertyDefaultsPostProcessor - Devtools property defaults active! Set 'spring.devtools.add-properties' to 'false' to disable 
11:19:55.397 [restartedMain] INFO  o.s.b.d.e.DevToolsPropertyDefaultsPostProcessor - For additional web related logging consider setting the 'logging.level.web' property to 'DEBUG' 
11:19:56.029 [restartedMain] INFO  o.s.d.r.c.RepositoryConfigurationDelegate - Bootstrapping Spring Data JPA repositories in DEFERRED mode. 
11:19:56.054 [restartedMain] INFO  o.s.d.r.c.RepositoryConfigurationDelegate - Finished Spring Data repository scanning in 14ms. Found 0 JPA repository interfaces. 
11:19:56.672 [restartedMain] INFO  o.s.b.w.e.tomcat.TomcatWebServer - Tomcat initialized with port(s): 8080 (http) 
11:19:56.680 [restartedMain] INFO  o.a.coyote.http11.Http11NioProtocol - Initializing ProtocolHandler ["http-nio-8080"] 
11:19:56.680 [restartedMain] INFO  o.a.catalina.core.StandardService - Starting service [Tomcat] 
11:19:56.680 [restartedMain] INFO  o.a.catalina.core.StandardEngine - Starting Servlet engine: [Apache Tomcat/9.0.38] 
11:19:56.760 [restartedMain] INFO  o.a.c.c.C.[Tomcat].[localhost].[/] - Initializing Spring embedded WebApplicationContext 
11:19:56.760 [restartedMain] INFO  o.s.b.w.s.c.ServletWebServerApplicationContext - Root WebApplicationContext: initialization completed in 1363 ms 
11:19:56.852 [restartedMain] INFO  com.zaxxer.hikari.HikariDataSource - HikariPool-1 - Starting... 
11:19:56.977 [restartedMain] INFO  com.zaxxer.hikari.HikariDataSource - HikariPool-1 - Start completed. 
11:19:57.683 [restartedMain] INFO  liquibase.executor.jvm.JdbcExecutor - Executing with the 'jdbc' executor 
11:19:57.708 [restartedMain] INFO  liquibase.executor.jvm.JdbcExecutor - SELECT COUNT(*) FROM visual_acuity.DATABASECHANGELOGLOCK 
11:19:57.729 [restartedMain] INFO  liquibase.executor.jvm.JdbcExecutor - Executing with the 'jdbc' executor 
11:19:57.730 [restartedMain] INFO  liquibase.executor.jvm.JdbcExecutor - SELECT COUNT(*) FROM visual_acuity.DATABASECHANGELOGLOCK 
11:19:57.747 [restartedMain] INFO  liquibase.executor.jvm.JdbcExecutor - Executing with the 'jdbc' executor 
11:19:57.748 [restartedMain] INFO  liquibase.executor.jvm.JdbcExecutor - SELECT `LOCKED` FROM visual_acuity.DATABASECHANGELOGLOCK WHERE ID=1 
11:19:57.750 [restartedMain] INFO  liquibase.executor.jvm.JdbcExecutor - Executing with the 'jdbc' executor 
11:19:57.760 [restartedMain] INFO  l.lockservice.StandardLockService - Successfully acquired change log lock 
11:19:58.640 [restartedMain] INFO  liquibase.executor.jvm.JdbcExecutor - Executing with the 'jdbc' executor 
11:19:58.641 [restartedMain] INFO  liquibase.executor.jvm.JdbcExecutor - SELECT MD5SUM FROM visual_acuity.DATABASECHANGELOG WHERE MD5SUM IS NOT NULL LIMIT 1 
11:19:58.642 [restartedMain] INFO  liquibase.executor.jvm.JdbcExecutor - Executing with the 'jdbc' executor 
11:19:58.642 [restartedMain] INFO  liquibase.executor.jvm.JdbcExecutor - SELECT COUNT(*) FROM visual_acuity.DATABASECHANGELOG 
11:19:58.661 [restartedMain] INFO  l.c.StandardChangeLogHistoryService - Reading from visual_acuity.DATABASECHANGELOG 
11:19:58.661 [restartedMain] INFO  liquibase.executor.jvm.JdbcExecutor - Executing with the 'jdbc' executor 
11:19:58.661 [restartedMain] INFO  liquibase.executor.jvm.JdbcExecutor - SELECT * FROM visual_acuity.DATABASECHANGELOG ORDER BY DATEEXECUTED ASC, ORDEREXECUTED ASC 
11:19:58.672 [restartedMain] INFO  liquibase.executor.jvm.JdbcExecutor - Executing with the 'jdbc' executor 
11:19:58.675 [restartedMain] INFO  l.lockservice.StandardLockService - Successfully released change log lock 
11:19:58.738 [restartedMain] INFO  o.s.s.c.ThreadPoolTaskExecutor - Initializing ExecutorService 'applicationTaskExecutor' 
11:19:58.776 [task-1] INFO  o.h.jpa.internal.util.LogHelper - HHH000204: Processing PersistenceUnitInfo [name: default] 
11:19:58.816 [task-1] INFO  org.hibernate.Version - HHH000412: Hibernate ORM core version 5.4.21.Final 
11:19:58.828 [restartedMain] WARN  o.s.b.a.o.j.JpaBaseConfiguration$JpaWebConfiguration - spring.jpa.open-in-view is enabled by default. Therefore, database queries may be performed during view rendering. Explicitly configure spring.jpa.open-in-view to disable this warning 
11:19:58.937 [task-1] INFO  o.h.annotations.common.Version - HCANN000001: Hibernate Commons Annotations {5.1.0.Final} 
11:19:58.957 [restartedMain] INFO  o.s.b.a.w.s.WelcomePageHandlerMapping - Adding welcome page: class path resource [static/index.html] 
11:19:59.014 [restartedMain] WARN  o.t.templatemode.TemplateMode - [THYMELEAF][restartedMain] Template Mode 'LEGACYHTML5' is deprecated. Using Template Mode 'HTML' instead. 
11:19:59.037 [task-1] INFO  org.hibernate.dialect.Dialect - HHH000400: Using dialect: org.hibernate.dialect.MySQL5InnoDBDialect 
11:19:59.090 [restartedMain] INFO  o.s.b.d.a.OptionalLiveReloadServer - LiveReload server is running on port 35729 
11:19:59.102 [restartedMain] INFO  o.a.coyote.http11.Http11NioProtocol - Starting ProtocolHandler ["http-nio-8080"] 
11:19:59.125 [restartedMain] INFO  o.s.b.w.e.tomcat.TomcatWebServer - Tomcat started on port(s): 8080 (http) with context path '' 
11:19:59.126 [restartedMain] INFO  o.s.d.r.c.DeferredRepositoryInitializationListener - Triggering deferred initialization of Spring Data repositories… 
11:19:59.127 [restartedMain] INFO  o.s.d.r.c.DeferredRepositoryInitializationListener - Spring Data repositories initialized! 
11:19:59.134 [restartedMain] INFO  s.visualacuity.demo.DemoApplication - Started DemoApplication in 4.368 seconds (JVM running for 4.832) 
11:19:59.182 [task-1] INFO  o.h.e.t.j.p.i.JtaPlatformInitiator - HHH000490: Using JtaPlatform implementation: [org.hibernate.engine.transaction.jta.platform.internal.NoJtaPlatform] 
11:19:59.189 [task-1] INFO  o.s.o.j.LocalContainerEntityManagerFactoryBean - Initialized JPA EntityManagerFactory for persistence unit 'default' 
11:20:04.006 [http-nio-8080-exec-1] INFO  o.a.c.c.C.[Tomcat].[localhost].[/] - Initializing Spring DispatcherServlet 'dispatcherServlet' 
11:20:04.006 [http-nio-8080-exec-1] INFO  o.s.web.servlet.DispatcherServlet - Initializing Servlet 'dispatcherServlet' 
11:20:04.011 [http-nio-8080-exec-1] INFO  o.s.web.servlet.DispatcherServlet - Completed initialization in 5 ms 
11:42:03.896 [restartedMain] INFO  s.visualacuity.demo.DemoApplication - Starting DemoApplication on LAPTOP-LIIHR2B7 with PID 22308 (C:\Visual-Acuity-Measurement-System\demo\target\classes started by ACER in C:\Visual-Acuity-Measurement-System\demo) 
11:42:03.898 [restartedMain] INFO  s.visualacuity.demo.DemoApplication - No active profile set, falling back to default profiles: default 
11:42:03.954 [restartedMain] INFO  o.s.b.d.e.DevToolsPropertyDefaultsPostProcessor - Devtools property defaults active! Set 'spring.devtools.add-properties' to 'false' to disable 
11:42:03.954 [restartedMain] INFO  o.s.b.d.e.DevToolsPropertyDefaultsPostProcessor - For additional web related logging consider setting the 'logging.level.web' property to 'DEBUG' 
11:42:04.461 [restartedMain] INFO  o.s.d.r.c.RepositoryConfigurationDelegate - Bootstrapping Spring Data JPA repositories in DEFERRED mode. 
11:42:04.479 [restartedMain] INFO  o.s.d.r.c.RepositoryConfigurationDelegate - Finished Spring Data repository scanning in 11ms. Found 0 JPA repository interfaces. 
11:42:05.069 [restartedMain] INFO  o.s.b.w.e.tomcat.TomcatWebServer - Tomcat initialized with port(s): 8080 (http) 
11:42:05.076 [restartedMain] INFO  o.a.coyote.http11.Http11NioProtocol - Initializing ProtocolHandler ["http-nio-8080"] 
11:42:05.076 [restartedMain] INFO  o.a.catalina.core.StandardService - Starting service [Tomcat] 
11:42:05.076 [restartedMain] INFO  o.a.catalina.core.StandardEngine - Starting Servlet engine: [Apache Tomcat/9.0.38] 
11:42:05.155 [restartedMain] INFO  o.a.c.c.C.[Tomcat].[localhost].[/] - Initializing Spring embedded WebApplicationContext 
11:42:05.155 [restartedMain] INFO  o.s.b.w.s.c.ServletWebServerApplicationContext - Root WebApplicationContext: initialization completed in 1201 ms 
11:42:05.250 [restartedMain] INFO  com.zaxxer.hikari.HikariDataSource - HikariPool-1 - Starting... 
11:42:05.378 [restartedMain] INFO  com.zaxxer.hikari.HikariDataSource - HikariPool-1 - Start completed. 
11:42:06.092 [restartedMain] INFO  liquibase.executor.jvm.JdbcExecutor - Executing with the 'jdbc' executor 
11:42:06.114 [restartedMain] INFO  liquibase.executor.jvm.JdbcExecutor - SELECT COUNT(*) FROM visual_acuity.DATABASECHANGELOGLOCK 
11:42:06.140 [restartedMain] INFO  liquibase.executor.jvm.JdbcExecutor - Executing with the 'jdbc' executor 
11:42:06.141 [restartedMain] INFO  liquibase.executor.jvm.JdbcExecutor - SELECT COUNT(*) FROM visual_acuity.DATABASECHANGELOGLOCK 
11:42:06.157 [restartedMain] INFO  liquibase.executor.jvm.JdbcExecutor - Executing with the 'jdbc' executor 
11:42:06.158 [restartedMain] INFO  liquibase.executor.jvm.JdbcExecutor - SELECT `LOCKED` FROM visual_acuity.DATABASECHANGELOGLOCK WHERE ID=1 
11:42:06.159 [restartedMain] INFO  liquibase.executor.jvm.JdbcExecutor - Executing with the 'jdbc' executor 
11:42:06.173 [restartedMain] INFO  l.lockservice.StandardLockService - Successfully acquired change log lock 
11:42:07.128 [restartedMain] INFO  liquibase.executor.jvm.JdbcExecutor - Executing with the 'jdbc' executor 
11:42:07.129 [restartedMain] INFO  liquibase.executor.jvm.JdbcExecutor - SELECT MD5SUM FROM visual_acuity.DATABASECHANGELOG WHERE MD5SUM IS NOT NULL LIMIT 1 
11:42:07.130 [restartedMain] INFO  liquibase.executor.jvm.JdbcExecutor - Executing with the 'jdbc' executor 
11:42:07.130 [restartedMain] INFO  liquibase.executor.jvm.JdbcExecutor - SELECT COUNT(*) FROM visual_acuity.DATABASECHANGELOG 
11:42:07.146 [restartedMain] INFO  l.c.StandardChangeLogHistoryService - Reading from visual_acuity.DATABASECHANGELOG 
11:42:07.146 [restartedMain] INFO  liquibase.executor.jvm.JdbcExecutor - Executing with the 'jdbc' executor 
11:42:07.147 [restartedMain] INFO  liquibase.executor.jvm.JdbcExecutor - SELECT * FROM visual_acuity.DATABASECHANGELOG ORDER BY DATEEXECUTED ASC, ORDEREXECUTED ASC 
11:42:07.158 [restartedMain] INFO  liquibase.executor.jvm.JdbcExecutor - Executing with the 'jdbc' executor 
11:42:07.161 [restartedMain] INFO  l.lockservice.StandardLockService - Successfully released change log lock 
11:42:07.237 [restartedMain] INFO  o.s.s.c.ThreadPoolTaskExecutor - Initializing ExecutorService 'applicationTaskExecutor' 
11:42:07.275 [task-1] INFO  o.h.jpa.internal.util.LogHelper - HHH000204: Processing PersistenceUnitInfo [name: default] 
11:42:07.318 [task-1] INFO  org.hibernate.Version - HHH000412: Hibernate ORM core version 5.4.21.Final 
11:42:07.330 [restartedMain] WARN  o.s.b.a.o.j.JpaBaseConfiguration$JpaWebConfiguration - spring.jpa.open-in-view is enabled by default. Therefore, database queries may be performed during view rendering. Explicitly configure spring.jpa.open-in-view to disable this warning 
11:42:07.437 [task-1] INFO  o.h.annotations.common.Version - HCANN000001: Hibernate Commons Annotations {5.1.0.Final} 
11:42:07.455 [restartedMain] INFO  o.s.b.a.w.s.WelcomePageHandlerMapping - Adding welcome page: class path resource [static/index.html] 
11:42:07.508 [restartedMain] WARN  o.t.templatemode.TemplateMode - [THYMELEAF][restartedMain] Template Mode 'LEGACYHTML5' is deprecated. Using Template Mode 'HTML' instead. 
11:42:07.529 [task-1] INFO  org.hibernate.dialect.Dialect - HHH000400: Using dialect: org.hibernate.dialect.MySQL5InnoDBDialect 
11:42:07.589 [restartedMain] INFO  o.s.b.d.a.OptionalLiveReloadServer - LiveReload server is running on port 35729 
11:42:07.602 [restartedMain] INFO  o.a.coyote.http11.Http11NioProtocol - Starting ProtocolHandler ["http-nio-8080"] 
11:42:07.625 [restartedMain] INFO  o.s.b.w.e.tomcat.TomcatWebServer - Tomcat started on port(s): 8080 (http) with context path '' 
11:42:07.627 [restartedMain] INFO  o.s.d.r.c.DeferredRepositoryInitializationListener - Triggering deferred initialization of Spring Data repositories… 
11:42:07.627 [restartedMain] INFO  o.s.d.r.c.DeferredRepositoryInitializationListener - Spring Data repositories initialized! 
11:42:07.635 [restartedMain] INFO  s.visualacuity.demo.DemoApplication - Started DemoApplication in 4.197 seconds (JVM running for 4.628) 
11:42:07.676 [task-1] INFO  o.h.e.t.j.p.i.JtaPlatformInitiator - HHH000490: Using JtaPlatform implementation: [org.hibernate.engine.transaction.jta.platform.internal.NoJtaPlatform] 
11:42:07.683 [task-1] INFO  o.s.o.j.LocalContainerEntityManagerFactoryBean - Initialized JPA EntityManagerFactory for persistence unit 'default' 
11:42:10.923 [http-nio-8080-exec-1] INFO  o.a.c.c.C.[Tomcat].[localhost].[/] - Initializing Spring DispatcherServlet 'dispatcherServlet' 
11:42:10.923 [http-nio-8080-exec-1] INFO  o.s.web.servlet.DispatcherServlet - Initializing Servlet 'dispatcherServlet' 
11:42:10.928 [http-nio-8080-exec-1] INFO  o.s.web.servlet.DispatcherServlet - Completed initialization in 5 ms 
